[debug] [2019-09-16T18:38:11.227Z] ----------------------------------------------------------------------
[debug] [2019-09-16T18:38:11.231Z] Command:       C:\Program Files\nodejs\node.exe C:\Users\hites\AppData\Roaming\npm\node_modules\firebase-tools\lib\bin\firebase.js serve --project red-social-framework-8034b
[debug] [2019-09-16T18:38:11.231Z] CLI Version:   7.3.2
[debug] [2019-09-16T18:38:11.231Z] Platform:      win32
[debug] [2019-09-16T18:38:11.231Z] Node Version:  v11.9.0
[debug] [2019-09-16T18:38:11.234Z] Time:          Mon Sep 16 2019 15:38:11 GMT-0300 (GMT-03:00)
[debug] [2019-09-16T18:38:11.234Z] ----------------------------------------------------------------------
[debug] 
[debug] [2019-09-16T18:38:11.251Z] > command requires scopes: ["email","openid","https://www.googleapis.com/auth/cloudplatformprojects.readonly","https://www.googleapis.com/auth/firebase","https://www.googleapis.com/auth/cloud-platform"]
[debug] [2019-09-16T18:38:11.252Z] > authorizing via signed-in user
[debug] [2019-09-16T18:38:11.252Z] [iam] checking project red-social-framework-8034b for permissions ["firebase.projects.get"]
[debug] [2019-09-16T18:38:11.254Z] >>> HTTP REQUEST POST https://cloudresourcemanager.googleapis.com/v1/projects/red-social-framework-8034b:testIamPermissions  

[debug] [2019-09-16T18:38:12.896Z] <<< HTTP RESPONSE 200
[debug] [2019-09-16T18:38:12.903Z] >>> HTTP REQUEST GET https://firebase.googleapis.com/v1beta1/projects/red-social-framework-8034b  
 
[debug] [2019-09-16T18:38:14.341Z] <<< HTTP RESPONSE 200
[info] 
[info] === Serving from 'C:\Users\hites\Desktop\LABORATORIA\SCL009-Red-Social-Frameworks'...
[info] 
[debug] [2019-09-16T18:38:14.833Z] >>> HTTP REQUEST GET https://firebase.googleapis.com/v1beta1/projects/red-social-framework-8034b/webApps/-/config  
 
[debug] [2019-09-16T18:38:15.262Z] <<< HTTP RESPONSE 200
[info] i  hosting: Serving hosting files from: src
[info] +  hosting: Local server: http://localhost:5000
